<?xml version="1.0" encoding="UTF-8"?>
<!-- Generated by org.testng.reporters.JUnitReportReporter -->
<testsuite skipped="0" hostname="DESKTOP-BMIEGEJ" name="test.Test_GoogleSearch_TestNG_Demo" tests="1" failures="0" timestamp="2020-10-03T16:04:14 GMT" time="36.822" errors="0">
  <testcase name="googleSearch3" time="36.822" classname="test.Test_GoogleSearch_TestNG_Demo"/>
  <system-out/>
</testsuite> <!-- test.Test_GoogleSearch_TestNG_Demo -->
