<?xml version="1.0" encoding="UTF-8"?>
<!-- Generated by org.testng.reporters.JUnitReportReporter -->
<testsuite skipped="0" hostname="DESKTOP-BMIEGEJ" name="test.Test_GoogleSearch_TestNG_Demo2" tests="1" failures="0" timestamp="2020-10-03T16:04:14 GMT" time="26.619" errors="0">
  <testcase name="googleSearch2" time="26.619" classname="test.Test_GoogleSearch_TestNG_Demo2"/>
  <system-out/>
</testsuite> <!-- test.Test_GoogleSearch_TestNG_Demo2 -->
