<?xml version="1.0" encoding="UTF-8"?>
<!-- Generated by org.testng.reporters.JUnitReportReporter -->
<testsuite skipped="0" hostname="DESKTOP-BMIEGEJ" name="test.ExtentReportsDemoWithTestNG" tests="2" failures="0" timestamp="2020-10-03T19:57:35 GMT" time="2.295" errors="0">
  <testcase name="test2" time="0.001" classname="test.ExtentReportsDemoWithTestNG"/>
  <system-out/>
  <testcase name="test1" time="2.294" classname="test.ExtentReportsDemoWithTestNG"/>
  <system-out/>
</testsuite> <!-- test.ExtentReportsDemoWithTestNG -->
